<?xml version="1.0" encoding="UTF-8"?>
<testng-results ignored="0" total="1" passed="1" failed="0" skipped="0">
  <reporter-output>
    <line>
      <![CDATA[database connected]]>
    </line>
    <line>
      <![CDATA[browser launched succcessfully]]>
    </line>
    <line>
      <![CDATA[loged successfully]]>
    </line>
    <line>
      <![CDATA[logged out successfully]]>
    </line>
    <line>
      <![CDATA[close browser successfully]]>
    </line>
  </reporter-output>
  <suite started-at="2023-09-27T11:06:09 IST" name="Default suite" finished-at="2023-09-27T11:06:42 IST" duration-ms="32646">
    <groups>
    </groups>
    <test started-at="2023-09-27T11:06:09 IST" name="Default test" finished-at="2023-09-27T11:06:42 IST" duration-ms="32646">
      <class name="com.ActitimrCRM.testscripts.createcustomer">
        <test-method is-config="true" signature="databaseconnection()[pri:0, instance:com.ActitimrCRM.testscripts.createcustomer@72bc6553]" started-at="2023-09-27T11:06:09 IST" name="databaseconnection" finished-at="2023-09-27T11:06:09 IST" duration-ms="29" status="PASS">
          <reporter-output>
            <line>
              <![CDATA[database connected]]>
            </line>
          </reporter-output>
        </test-method> <!-- databaseconnection -->
        <test-method is-config="true" signature="launchbrowser()[pri:0, instance:com.ActitimrCRM.testscripts.createcustomer@72bc6553]" started-at="2023-09-27T11:06:09 IST" name="launchbrowser" finished-at="2023-09-27T11:06:33 IST" duration-ms="24310" status="PASS">
          <reporter-output>
            <line>
              <![CDATA[browser launched succcessfully]]>
            </line>
          </reporter-output>
        </test-method> <!-- launchbrowser -->
        <test-method is-config="true" signature="logintoactitime()[pri:0, instance:com.ActitimrCRM.testscripts.createcustomer@72bc6553]" started-at="2023-09-27T11:06:33 IST" name="logintoactitime" finished-at="2023-09-27T11:06:34 IST" duration-ms="590" status="PASS">
          <reporter-output>
            <line>
              <![CDATA[loged successfully]]>
            </line>
          </reporter-output>
        </test-method> <!-- logintoactitime -->
        <test-method signature="createcustome()[pri:0, instance:com.ActitimrCRM.testscripts.createcustomer@72bc6553]" started-at="2023-09-27T11:06:34 IST" name="createcustome" finished-at="2023-09-27T11:06:34 IST" duration-ms="32" status="PASS">
          <reporter-output>
          </reporter-output>
        </test-method> <!-- createcustome -->
        <test-method is-config="true" signature="logoutfromactitime()[pri:0, instance:com.ActitimrCRM.testscripts.createcustomer@72bc6553]" started-at="2023-09-27T11:06:34 IST" name="logoutfromactitime" finished-at="2023-09-27T11:06:41 IST" duration-ms="6904" status="PASS">
          <reporter-output>
            <line>
              <![CDATA[logged out successfully]]>
            </line>
          </reporter-output>
        </test-method> <!-- logoutfromactitime -->
        <test-method is-config="true" signature="closebrowser()[pri:0, instance:com.ActitimrCRM.testscripts.createcustomer@72bc6553]" started-at="2023-09-27T11:06:41 IST" name="closebrowser" finished-at="2023-09-27T11:06:42 IST" duration-ms="677" status="PASS">
          <reporter-output>
            <line>
              <![CDATA[close browser successfully]]>
            </line>
          </reporter-output>
        </test-method> <!-- closebrowser -->
        <test-method is-config="true" signature="closedatabse()[pri:0, instance:com.ActitimrCRM.testscripts.createcustomer@72bc6553]" started-at="2023-09-27T11:06:42 IST" name="closedatabse" finished-at="2023-09-27T11:06:42 IST" duration-ms="1" status="PASS">
          <reporter-output>
          </reporter-output>
        </test-method> <!-- closedatabse -->
      </class> <!-- com.ActitimrCRM.testscripts.createcustomer -->
    </test> <!-- Default test -->
  </suite> <!-- Default suite -->
</testng-results>
